<?xml version="1.0" encoding="UTF-8"?>
<!-- Generated by org.testng.reporters.JUnitReportReporter -->
<testsuite hostname="YASHAWANTH" failures="0" tests="1" name="A_Package1.Only_Click_Gestures" time="8.253" errors="0" timestamp="2024-11-27T17:55:10 IST" skipped="0">
  <testcase classname="A_Package1.Only_Click_Gestures" name="LongclickGesture" time="8.253"/>
</testsuite> <!-- A_Package1.Only_Click_Gestures -->
