<?xml version="1.0" encoding="UTF-8"?>
<!-- Generated by org.testng.reporters.JUnitReportReporter -->
<testsuite hostname="YASHAWANTH" failures="0" tests="1" name="A_Package1.Scroll_classs" time="18.585" errors="0" timestamp="2024-11-28T16:30:17 IST" skipped="0">
  <testcase classname="A_Package1.Scroll_classs" name="Zoomin" time="18.585"/>
</testsuite> <!-- A_Package1.Scroll_classs -->
