<?xml version="1.0" encoding="UTF-8"?>
<!-- Generated by org.testng.reporters.JUnitReportReporter -->
<testsuite hostname="YASHAWANTH" failures="0" tests="1" name="A_Package1.Task3_Appim" time="31.870" errors="0" timestamp="2024-11-29T17:53:41 IST" skipped="0">
  <testcase classname="A_Package1.Task3_Appim" name="task" time="31.870"/>
</testsuite> <!-- A_Package1.Task3_Appim -->
