<?xml version="1.0" encoding="UTF-8"?>
<!-- Generated by org.testng.reporters.JUnitReportReporter -->
<testsuite hostname="YASHAWANTH" failures="0" tests="1" name="A_Package1.Gestures" time="17.051" errors="0" timestamp="2024-11-27T18:00:15 IST" skipped="0">
  <testcase classname="A_Package1.Gestures" name="LongclickGesture" time="17.051"/>
</testsuite> <!-- A_Package1.Gestures -->
