<?xml version="1.0" encoding="UTF-8"?>
<!-- Generated by org.testng.reporters.JUnitReportReporter -->
<testsuite hostname="YASHAWANTH" failures="0" tests="1" name="A_Package1.Zoom_classs" time="15.952" errors="0" timestamp="2024-11-28T12:59:51 IST" skipped="0">
  <testcase classname="A_Package1.Zoom_classs" name="Zoomin" time="15.952"/>
</testsuite> <!-- A_Package1.Zoom_classs -->
