<?xml version="1.0" encoding="UTF-8"?>
<!-- Generated by org.testng.reporters.JUnitReportReporter -->
<testsuite hostname="YASHAWANTH" failures="0" tests="1" name="A_Package1.DragandDRop_click_gesture" time="13.765" errors="0" timestamp="2024-11-28T13:10:09 IST" skipped="0">
  <testcase classname="A_Package1.DragandDRop_click_gesture" name="doubleclick" time="13.765"/>
</testsuite> <!-- A_Package1.DragandDRop_click_gesture -->
