<?xml version="1.0" encoding="UTF-8"?>
<!-- Generated by org.testng.reporters.JUnitReportReporter -->
<testsuite hostname="YASHAWANTH" failures="0" tests="1" name="A_Package1.Double_click_gesture" time="8.670" errors="0" timestamp="2024-11-28T13:06:35 IST" skipped="0">
  <testcase classname="A_Package1.Double_click_gesture" name="doubleclick" time="8.670"/>
</testsuite> <!-- A_Package1.Double_click_gesture -->
