<?xml version="1.0" encoding="UTF-8"?>
<!-- Generated by org.testng.reporters.JUnitReportReporter -->
<testsuite hostname="YASHAWANTH" failures="0" tests="1" name="AppiumDriverutility_appium.From_BrowserStack" time="70.720" errors="0" timestamp="2024-12-09T13:25:35 IST" skipped="0">
  <testcase classname="AppiumDriverutility_appium.From_BrowserStack" name="From_Browstack" time="70.720"/>
</testsuite> <!-- AppiumDriverutility_appium.From_BrowserStack -->
