<?xml version="1.0" encoding="UTF-8"?>
<!-- Generated by org.testng.reporters.JUnitReportReporter -->
<testsuite hostname="YASHAWANTH" failures="0" tests="1" name="A_Package1.Task2_Appium" time="43.771" errors="0" timestamp="2024-11-29T17:35:01 IST" skipped="0">
  <testcase classname="A_Package1.Task2_Appium" name="Task_Of_HandM1" time="43.771"/>
</testsuite> <!-- A_Package1.Task2_Appium -->
