<?xml version="1.0" encoding="UTF-8"?>
<!-- Generated by org.testng.reporters.JUnitReportReporter -->
<testsuite hostname="YASHAWANTH" failures="0" tests="1" name="A_Package1.GeneralStore_" time="58.718" errors="0" timestamp="2024-12-05T17:08:01 IST" skipped="0">
  <testcase classname="A_Package1.GeneralStore_" name="Task_Of_HandM1" time="58.718"/>
</testsuite> <!-- A_Package1.GeneralStore_ -->
