<?xml version="1.0" encoding="UTF-8"?>
<!-- Generated by org.testng.reporters.JUnitReportReporter -->
<testsuite hostname="YASHAWANTH" failures="0" tests="1" name="A_Package1.Task1_Appium" time="25.947" errors="0" timestamp="2024-11-29T16:08:31 IST" skipped="0">
  <testcase classname="A_Package1.Task1_Appium" name="Task_Of_HandM1" time="25.947"/>
</testsuite> <!-- A_Package1.Task1_Appium -->
