<?xml version="1.0" encoding="UTF-8"?>
<!-- Generated by org.testng.reporters.JUnitReportReporter -->
<testsuite hostname="YASHAWANTH" failures="0" tests="1" name="GeneralStore.GStore_class" time="64.721" errors="0" timestamp="2024-12-09T10:00:43 IST" skipped="0">
  <testcase classname="GeneralStore.GStore_class" name="CreateOrder_GeneralStore" time="64.721"/>
</testsuite> <!-- GeneralStore.GStore_class -->
