<?xml version="1.0" encoding="UTF-8"?>
<!-- Generated by org.testng.reporters.JUnitReportReporter -->
<testsuite hostname="YASHAWANTH" failures="0" tests="1" name="Xbet_package.Login_XbetTest" time="1.154" errors="0" timestamp="2024-12-09T16:53:38 IST" skipped="0">
  <testcase classname="Xbet_package.Login_XbetTest" name="Loginto_1Xbet" time="1.154"/>
</testsuite> <!-- Xbet_package.Login_XbetTest -->
