<?xml version="1.0" encoding="UTF-8"?>
<!-- Generated by org.testng.reporters.JUnitReportReporter -->
<testsuite hostname="YASHAWANTH" failures="0" tests="1" name="A_Package1.chrome_youtube" time="25.682" errors="0" timestamp="2024-12-05T18:06:09 IST" skipped="0">
  <testcase classname="A_Package1.chrome_youtube" name="Task_Of_HandM1" time="25.682"/>
</testsuite> <!-- A_Package1.chrome_youtube -->
