<?xml version="1.0" encoding="UTF-8"?>
<!-- Generated by org.testng.reporters.JUnitReportReporter -->
<testsuite hostname="YASHAWANTH" failures="0" tests="1" name="A_Package1.Only_Click_Gestures_XY_axis" time="6.723" errors="0" timestamp="2024-11-27T18:36:16 IST" skipped="0">
  <testcase classname="A_Package1.Only_Click_Gestures_XY_axis" name="LongclickGesture" time="6.723"/>
</testsuite> <!-- A_Package1.Only_Click_Gestures_XY_axis -->
