<?xml version="1.0" encoding="UTF-8"?>
<!-- Generated by org.testng.reporters.JUnitReportReporter -->
<testsuite hostname="YASHAWANTH" failures="0" tests="1" name="A_Package1.Serverlaunch_generalstore" time="4.803" errors="0" timestamp="2024-12-06T10:55:44 IST" skipped="0">
  <testcase classname="A_Package1.Serverlaunch_generalstore" name="Task_Of_HandM1" time="4.803"/>
</testsuite> <!-- A_Package1.Serverlaunch_generalstore -->
