<?xml version="1.0" encoding="UTF-8"?>
<!-- Generated by org.testng.reporters.JUnitReportReporter -->
<testsuite hostname="YASHAWANTH" failures="0" tests="1" name="A_Package1.SwipeAPIDEMO_classs" time="15.626" errors="0" timestamp="2024-11-28T16:12:50 IST" skipped="0">
  <testcase classname="A_Package1.SwipeAPIDEMO_classs" name="Zoomin" time="15.626"/>
</testsuite> <!-- A_Package1.SwipeAPIDEMO_classs -->
